[debug] [2019-02-04T05:45:34.880Z] ----------------------------------------------------------------------
[debug] [2019-02-04T05:45:34.882Z] Command:       C:\Program Files\nodejs\node.exe C:\Users\Shilu\AppData\Roaming\npm\node_modules\firebase-tools\lib\bin\firebase.js serve
[debug] [2019-02-04T05:45:34.883Z] CLI Version:   6.3.1
[debug] [2019-02-04T05:45:34.883Z] Platform:      win32
[debug] [2019-02-04T05:45:34.883Z] Node Version:  v10.15.1
[debug] [2019-02-04T05:45:34.884Z] Time:          Sun Feb 03 2019 23:45:34 GMT-0600 (Central Standard Time)
[debug] [2019-02-04T05:45:34.884Z] ----------------------------------------------------------------------
[debug] 
[debug] [2019-02-04T05:45:34.897Z] > command requires scopes: ["email","openid","https://www.googleapis.com/auth/cloudplatformprojects.readonly","https://www.googleapis.com/auth/firebase","https://www.googleapis.com/auth/cloud-platform"]
[debug] [2019-02-04T05:45:34.898Z] > authorizing via signed-in user
[debug] [2019-02-04T05:45:34.898Z] [iam] checking project is-project-f34b2 for permissions ["firebase.projects.get"]
[debug] [2019-02-04T05:45:34.900Z] > refreshing access token with scopes: ["email","https://www.googleapis.com/auth/cloud-platform","https://www.googleapis.com/auth/cloudplatformprojects.readonly","https://www.googleapis.com/auth/firebase","openid"]
[debug] [2019-02-04T05:45:34.900Z] >>> HTTP REQUEST POST https://www.googleapis.com/oauth2/v3/token  
 <request body omitted>
[debug] [2019-02-04T05:45:35.100Z] <<< HTTP RESPONSE 200
[debug] [2019-02-04T05:45:35.107Z] >>> HTTP REQUEST POST https://cloudresourcemanager.googleapis.com/v1/projects/is-project-f34b2:testIamPermissions  

[debug] [2019-02-04T05:45:35.289Z] <<< HTTP RESPONSE 200
[debug] [2019-02-04T05:45:35.290Z] >>> HTTP REQUEST GET https://cloudresourcemanager.googleapis.com/v1/projects/is-project-f34b2  
 
[debug] [2019-02-04T05:45:35.456Z] <<< HTTP RESPONSE 200
[info] 
[info] === Serving from 'C:\Users\Shilu\Desktop\IS\project\HighHeart'...
[info] 
[info] i  functions: Preparing to emulate functions.
[debug] [2019-02-04T05:45:36.354Z] Fetching environment
[debug] [2019-02-04T05:45:36.358Z] >>> HTTP REQUEST GET https://mobilesdk-pa.googleapis.com/v1/projects/823032042843:getServerAppConfig  
 
[debug] [2019-02-04T05:45:36.359Z] >>> HTTP REQUEST GET https://mobilesdk-pa.googleapis.com/v1/projects/823032042843/clients/_:getWebAppConfig  
 
[debug] [2019-02-04T05:45:36.588Z] <<< HTTP RESPONSE 200
[debug] [2019-02-04T05:45:36.589Z] Starting @google-cloud/functions-emulator
[debug] [2019-02-04T05:45:36.634Z] <<< HTTP RESPONSE 200
[info] i  hosting: Serving hosting files from: public
[info] +  hosting: Local server: http://localhost:5000
[debug] [2019-02-04T05:45:38.629Z] Parsing function triggers
[info] i  functions: No HTTPS functions found. Use firebase functions:shell if you would like to emulate other types of functions.
